#
# There is insufficient memory for the Java Runtime Environment to continue.
# Native memory allocation (mmap) failed to map 65536 bytes for Failed to commit metaspace.
# Possible reasons:
#   The system is out of physical RAM or swap space
#   The process is running with CompressedOops enabled, and the Java Heap may be blocking the growth of the native heap
# Possible solutions:
#   Reduce memory load on the system
#   Increase physical memory or swap space
#   Check if swap backing store is full
#   Decrease Java heap size (-Xmx/-Xms)
#   Decrease number of Java threads
#   Decrease Java thread stack sizes (-Xss)
#   Set larger code cache with -XX:ReservedCodeCacheSize=
#   JVM is running with Unscaled Compressed Oops mode in which the Java heap is
#     placed in the first 4GB address space. The Java Heap base address is the
#     maximum limit for the native heap growth. Please use -XX:HeapBaseMinAddress
#     to set the Java Heap base and to place the Java Heap above 4GB virtual address.
# This output file may be truncated or incomplete.
#
#  Out of Memory Error (virtualSpaceNode.cpp:110), pid=10824, tid=6096
#
# JRE version: OpenJDK Runtime Environment Temurin-17.0.5+8 (17.0.5+8) (build 17.0.5+8)
# Java VM: OpenJDK 64-Bit Server VM Temurin-17.0.5+8 (17.0.5+8, mixed mode, tiered, compressed oops, compressed class ptrs, parallel gc, windows-amd64)
# No core dump will be written. Minidumps are not enabled by default on client versions of Windows
#

---------------  S U M M A R Y ------------

Command Line: --add-modules=ALL-SYSTEM --add-opens=java.base/java.util=ALL-UNNAMED --add-opens=java.base/java.lang=ALL-UNNAMED --add-opens=java.base/sun.nio.fs=ALL-UNNAMED -Declipse.application=org.eclipse.jdt.ls.core.id1 -Dosgi.bundles.defaultStartLevel=4 -Declipse.product=org.eclipse.jdt.ls.core.product -Djava.import.generatesMetadataFilesAtProjectRoot=false -Dfile.encoding=utf8 -XX:+UseParallelGC -XX:GCTimeRatio=4 -XX:AdaptiveSizePolicyWeight=90 -Dsun.zip.disableMemoryMapping=true -Xmx1G -Xms100m -Xlog:disable -javaagent:c:\Users\Dell\.vscode\extensions\redhat.java-1.14.0-win32-x64\lombok\lombok-1.18.24.jar c:\Users\Dell\.vscode\extensions\redhat.java-1.14.0-win32-x64\server\plugins\org.eclipse.equinox.launcher_1.6.400.v20210924-0641.jar -configuration c:\Users\Dell\AppData\Roaming\Code\User\globalStorage\redhat.java\1.14.0\config_ss_win -data c:\Users\Dell\AppData\Roaming\Code\User\workspaceStorage\14a3d1596086b064534673faa3ab4da3\redhat.java\ss_ws

Host: Intel(R) Core(TM) i5-5300U CPU @ 2.30GHz, 4 cores, 15G,  Windows 10 , 64 bit Build 19041 (10.0.19041.1889)
Time: Wed Feb  8 13:06:51 2023 Paris, Madrid elapsed time: 3.945931 seconds (0d 0h 0m 3s)

---------------  T H R E A D  ---------------

Current thread (0x000002e4544b8590):  JavaThread "main" [_thread_in_vm, id=6096, stack(0x000000f53d100000,0x000000f53d200000)]

Stack: [0x000000f53d100000,0x000000f53d200000]
Native frames: (J=compiled Java code, j=interpreted, Vv=VM code, C=native code)
V  [jvm.dll+0x676b3a]
V  [jvm.dll+0x831444]
V  [jvm.dll+0x832bee]
V  [jvm.dll+0x833253]
V  [jvm.dll+0x244ce5]
V  [jvm.dll+0x82d4db]
V  [jvm.dll+0x61b2f6]
V  [jvm.dll+0x1bfd2e]
V  [jvm.dll+0x61dc41]
V  [jvm.dll+0x61bc96]
V  [jvm.dll+0x23a7d0]
V  [jvm.dll+0x1ea39d]
V  [jvm.dll+0x1dfdd1]
V  [jvm.dll+0x53be30]
V  [jvm.dll+0x7ac5a8]
V  [jvm.dll+0x7ac694]
V  [jvm.dll+0x40ba25]
V  [jvm.dll+0x411bb8]
C  [java.dll+0x17ec]

Java frames: (J=compiled Java code, j=interpreted, Vv=VM code)
j  java.lang.ClassLoader.defineClass1(Ljava/lang/ClassLoader;Ljava/lang/String;[BIILjava/security/ProtectionDomain;Ljava/lang/String;)Ljava/lang/Class;+0 java.base@17.0.5
j  java.lang.ClassLoader.defineClass(Ljava/lang/String;[BIILjava/security/ProtectionDomain;)Ljava/lang/Class;+27 java.base@17.0.5
j  java.security.SecureClassLoader.defineClass(Ljava/lang/String;[BIILjava/security/CodeSource;)Ljava/lang/Class;+12 java.base@17.0.5
j  java.net.URLClassLoader.defineClass(Ljava/lang/String;Ljdk/internal/loader/Resource;)Ljava/lang/Class;+221 java.base@17.0.5
j  java.net.URLClassLoader$1.run()Ljava/lang/Class;+43 java.base@17.0.5
j  java.net.URLClassLoader$1.run()Ljava/lang/Object;+1 java.base@17.0.5
j  java.security.AccessController.executePrivileged(Ljava/security/PrivilegedExceptionAction;Ljava/security/AccessControlContext;Ljava/lang/Class;)Ljava/lang/Object;+29 java.base@17.0.5
j  java.security.AccessController.doPrivileged(Ljava/security/PrivilegedExceptionAction;Ljava/security/AccessControlContext;)Ljava/lang/Object;+13 java.base@17.0.5
j  java.net.URLClassLoader.findClass(Ljava/lang/String;)Ljava/lang/Class;+13 java.base@17.0.5
J 993 c1 java.lang.ClassLoader.loadClass(Ljava/lang/String;Z)Ljava/lang/Class; java.base@17.0.5 (121 bytes) @ 0x000002e4578a785c [0x000002e4578a72c0+0x000000000000059c]
J 982 c1 java.lang.ClassLoader.loadClass(Ljava/lang/String;)Ljava/lang/Class; java.base@17.0.5 (7 bytes) @ 0x000002e4578a46bc [0x000002e4578a45c0+0x00000000000000fc]
v  ~StubRoutines::call_stub
j  java.lang.ClassLoader.defineClass1(Ljava/lang/ClassLoader;Ljava/lang/String;[BIILjava/security/ProtectionDomain;Ljava/lang/String;)Ljava/lang/Class;+0 java.base@17.0.5
j  java.lang.ClassLoader.defineClass(Ljava/lang/String;[BIILjava/security/ProtectionDomain;)Ljava/lang/Class;+27 java.base@17.0.5
j  java.security.SecureClassLoader.defineClass(Ljava/lang/String;[BIILjava/security/CodeSource;)Ljava/lang/Class;+12 java.base@17.0.5
j  java.net.URLClassLoader.defineClass(Ljava/lang/String;Ljdk/internal/loader/Resource;)Ljava/lang/Class;+221 java.base@17.0.5
j  java.net.URLClassLoader$1.run()Ljava/lang/Class;+43 java.base@17.0.5
j  java.net.URLClassLoader$1.run()Ljava/lang/Object;+1 java.base@17.0.5
j  java.security.AccessController.executePrivileged(Ljava/security/PrivilegedExceptionAction;Ljava/security/AccessControlContext;Ljava/lang/Class;)Ljava/lang/Object;+29 java.base@17.0.5
j  java.security.AccessController.doPrivileged(Ljava/security/PrivilegedExceptionAction;Ljava/security/AccessControlContext;)Ljava/lang/Object;+13 java.base@17.0.5
j  java.net.URLClassLoader.findClass(Ljava/lang/String;)Ljava/lang/Class;+13 java.base@17.0.5
J 993 c1 java.lang.ClassLoader.loadClass(Ljava/lang/String;Z)Ljava/lang/Class; java.base@17.0.5 (121 bytes) @ 0x000002e4578a785c [0x000002e4578a72c0+0x000000000000059c]
J 982 c1 java.lang.ClassLoader.loadClass(Ljava/lang/String;)Ljava/lang/Class; java.base@17.0.5 (7 bytes) @ 0x000002e4578a46bc [0x000002e4578a45c0+0x00000000000000fc]
v  ~StubRoutines::call_stub
j  org.eclipse.osgi.storage.Storage.<init>(Lorg/eclipse/osgi/internal/framework/EquinoxContainer;[Ljava/lang/String;)V+657
j  org.eclipse.osgi.storage.Storage.createStorage(Lorg/eclipse/osgi/internal/framework/EquinoxContainer;)Lorg/eclipse/osgi/storage/Storage;+11
j  org.eclipse.osgi.internal.framework.EquinoxContainer.<init>(Ljava/util/Map;Lorg/osgi/framework/connect/ModuleConnector;)V+145
j  org.eclipse.osgi.launch.Equinox.<init>(Ljava/util/Map;Lorg/osgi/framework/connect/ModuleConnector;)V+10
j  org.eclipse.osgi.launch.Equinox.<init>(Ljava/util/Map;)V+3
j  org.eclipse.core.runtime.adaptor.EclipseStarter.startup([Ljava/lang/String;Ljava/lang/Runnable;)Lorg/osgi/framework/BundleContext;+28
j  org.eclipse.core.runtime.adaptor.EclipseStarter.run([Ljava/lang/String;Ljava/lang/Runnable;)Ljava/lang/Object;+21
v  ~StubRoutines::call_stub
j  jdk.internal.reflect.NativeMethodAccessorImpl.invoke0(Ljava/lang/reflect/Method;Ljava/lang/Object;[Ljava/lang/Object;)Ljava/lang/Object;+0 java.base@17.0.5
j  jdk.internal.reflect.NativeMethodAccessorImpl.invoke(Ljava/lang/Object;[Ljava/lang/Object;)Ljava/lang/Object;+133 java.base@17.0.5
j  jdk.internal.reflect.DelegatingMethodAccessorImpl.invoke(Ljava/lang/Object;[Ljava/lang/Object;)Ljava/lang/Object;+6 java.base@17.0.5
j  java.lang.reflect.Method.invoke(Ljava/lang/Object;[Ljava/lang/Object;)Ljava/lang/Object;+59 java.base@17.0.5
j  org.eclipse.equinox.launcher.Main.invokeFramework([Ljava/lang/String;[Ljava/net/URL;)V+201
j  org.eclipse.equinox.launcher.Main.basicRun([Ljava/lang/String;)V+159
j  org.eclipse.equinox.launcher.Main.run([Ljava/lang/String;)I+4
j  org.eclipse.equinox.launcher.Main.main([Ljava/lang/String;)V+10
v  ~StubRoutines::call_stub

---------------  P R O C E S S  ---------------

Threads class SMR info:
_java_thread_list=0x000002e46a5e7ba0, length=12, elements={
0x000002e4544b8590, 0x000002e4681ebea0, 0x000002e4682db780, 0x000002e468308450,
0x000002e4683091d0, 0x000002e46830be60, 0x000002e46830d890, 0x000002e46830e530,
0x000002e469d6af50, 0x000002e468347c50, 0x000002e469dd9b40, 0x000002e46a000040
}

Java Threads: ( => current thread )
=>0x000002e4544b8590 JavaThread "main" [_thread_in_vm, id=6096, stack(0x000000f53d100000,0x000000f53d200000)]
  0x000002e4681ebea0 JavaThread "Reference Handler" daemon [_thread_blocked, id=7868, stack(0x000000f53d400000,0x000000f53d500000)]
  0x000002e4682db780 JavaThread "Finalizer" daemon [_thread_blocked, id=7372, stack(0x000000f53d500000,0x000000f53d600000)]
  0x000002e468308450 JavaThread "Signal Dispatcher" daemon [_thread_blocked, id=7024, stack(0x000000f53d600000,0x000000f53d700000)]
  0x000002e4683091d0 JavaThread "Attach Listener" daemon [_thread_blocked, id=16776, stack(0x000000f53d700000,0x000000f53d800000)]
  0x000002e46830be60 JavaThread "Service Thread" daemon [_thread_blocked, id=15212, stack(0x000000f53d800000,0x000000f53d900000)]
  0x000002e46830d890 JavaThread "Monitor Deflation Thread" daemon [_thread_blocked, id=7144, stack(0x000000f53d900000,0x000000f53da00000)]
  0x000002e46830e530 JavaThread "C2 CompilerThread0" daemon [_thread_blocked, id=15636, stack(0x000000f53da00000,0x000000f53db00000)]
  0x000002e469d6af50 JavaThread "C1 CompilerThread0" daemon [_thread_blocked, id=5772, stack(0x000000f53db00000,0x000000f53dc00000)]
  0x000002e468347c50 JavaThread "Sweeper thread" daemon [_thread_blocked, id=14492, stack(0x000000f53dc00000,0x000000f53dd00000)]
  0x000002e469dd9b40 JavaThread "Common-Cleaner" daemon [_thread_blocked, id=14180, stack(0x000000f53dd00000,0x000000f53de00000)]
  0x000002e46a000040 JavaThread "Notification Thread" daemon [_thread_blocked, id=5692, stack(0x000000f53de00000,0x000000f53df00000)]

Other Threads:
  0x000002e4682c33d0 VMThread "VM Thread" [stack: 0x000000f53d300000,0x000000f53d400000] [id=16692]
  0x000002e46a006520 WatcherThread [stack: 0x000000f53df00000,0x000000f53e000000] [id=13908]
  0x000002e4544d09c0 GCTaskThread "GC Thread#0" [stack: 0x000000f53d200000,0x000000f53d300000] [id=7416]
  0x000002e46a8434c0 GCTaskThread "GC Thread#1" [stack: 0x000000f53e000000,0x000000f53e100000] [id=13652]
  0x000002e46a843b80 GCTaskThread "GC Thread#2" [stack: 0x000000f53e100000,0x000000f53e200000] [id=8792]
  0x000002e46a836020 GCTaskThread "GC Thread#3" [stack: 0x000000f53e200000,0x000000f53e300000] [id=15168]

Threads with active compile tasks:

VM state: not at safepoint (normal execution)

VM Mutex/Monitor currently owned by a thread:  ([mutex/lock_event])
[0x000002e4544a85a0] Metaspace_lock - owner thread: 0x000002e4544b8590

Heap address: 0x00000000c0000000, size: 1024 MB, Compressed Oops mode: 32-bit

CDS archive(s) not mapped
Compressed class space mapped at: 0x0000000100000000-0x0000000140000000, reserved size: 1073741824
Narrow klass base: 0x0000000000000000, Narrow klass shift: 3, Narrow klass range: 0x140000000

GC Precious Log:
 CPUs: 4 total, 4 available
 Memory: 16256M
 Large Page Support: Disabled
 NUMA Support: Disabled
 Compressed Oops: Enabled (32-bit)
 Alignments: Space 512K, Generation 512K, Heap 2M
 Heap Min Capacity: 100M
 Heap Initial Capacity: 100M
 Heap Max Capacity: 1G
 Pre-touch: Disabled
 Parallel Workers: 4

Heap:
 PSYoungGen      total 29696K, used 6070K [0x00000000eab00000, 0x00000000ecc00000, 0x0000000100000000)
  eden space 25600K, 9% used [0x00000000eab00000,0x00000000ead4f798,0x00000000ec400000)
  from space 4096K, 90% used [0x00000000ec400000,0x00000000ec79e218,0x00000000ec800000)
  to   space 4096K, 0% used [0x00000000ec800000,0x00000000ec800000,0x00000000ecc00000)
 ParOldGen       total 68608K, used 0K [0x00000000c0000000, 0x00000000c4300000, 0x00000000eab00000)
  object space 68608K, 0% used [0x00000000c0000000,0x00000000c0000000,0x00000000c4300000)
 Metaspace       used 11454K, committed 11584K, reserved 1064960K
  class space    used 1145K, committed 1216K, reserved 1048576K

Card table byte_map: [0x000002e453ea0000,0x000002e4540b0000] _byte_map_base: 0x000002e4538a0000

Marking Bits: (ParMarkBitMap*) 0x00007ffea1ff0dd0
 Begin Bits: [0x000002e466150000, 0x000002e467150000)
 End Bits:   [0x000002e467150000, 0x000002e468150000)

Polling page: 0x000002e453c90000

Metaspace:

Usage:
  Non-class:     10.07 MB used.
      Class:      1.12 MB used.
       Both:     11.19 MB used.

Virtual space:
  Non-class space:       16.00 MB reserved,      10.12 MB ( 63%) committed,  2 nodes.
      Class space:        1.00 GB reserved,       1.19 MB ( <1%) committed,  1 nodes.
             Both:        1.02 GB reserved,      11.31 MB (  1%) committed. 

Chunk freelists:
   Non-Class:  1.86 MB
       Class:  2.66 MB
        Both:  4.52 MB

MaxMetaspaceSize: unlimited
CompressedClassSpaceSize: 1.00 GB
Initial GC threshold: 21.00 MB
Current GC threshold: 21.00 MB
CDS: off
MetaspaceReclaimPolicy: balanced
 - commit_granule_bytes: 65536.
 - commit_granule_words: 8192.
 - virtual_space_node_default_size: 1048576.
 - enlarge_chunks_in_place: 1.
 - new_chunks_are_fully_committed: 0.
 - uncommit_free_chunks: 1.
 - use_allocation_guard: 0.
 - handle_deallocations: 1.


Internal statistics:

num_allocs_failed_limit: 0.
num_arena_births: 34.
num_arena_deaths: 0.
num_vsnodes_births: 3.
num_vsnodes_deaths: 0.
num_space_committed: 181.
num_space_uncommitted: 0.
num_chunks_returned_to_freelist: 0.
num_chunks_taken_from_freelist: 116.
num_chunk_merges: 0.
num_chunk_splits: 77.
num_chunks_enlarged: 65.
num_purges: 0.
num_inconsistent_stats: 0.

CodeHeap 'non-profiled nmethods': size=120000Kb used=410Kb max_used=410Kb free=119589Kb
 bounds [0x000002e45ec20000, 0x000002e45ee90000, 0x000002e466150000]
CodeHeap 'profiled nmethods': size=120000Kb used=1971Kb max_used=1971Kb free=118029Kb
 bounds [0x000002e4576f0000, 0x000002e457960000, 0x000002e45ec20000]
CodeHeap 'non-nmethods': size=5760Kb used=1141Kb max_used=1163Kb free=4618Kb
 bounds [0x000002e457150000, 0x000002e4573c0000, 0x000002e4576f0000]
 total_blobs=1536 nmethods=1102 adapters=349
 compilation: enabled
              stopped_count=0, restarted_count=0
 full_count=0

Compilation events (20 events):
Event: 3.925 Thread 0x000002e469d6af50 1091       3       java.lang.StringConcatHelper::newString (67 bytes)
Event: 3.926 Thread 0x000002e469d6af50 nmethod 1091 0x000002e4578d3c10 code [0x000002e4578d3e80, 0x000002e4578d4848]
Event: 3.926 Thread 0x000002e469d6af50 1094   !   3       java.util.zip.Inflater::setInput (69 bytes)
Event: 3.926 Thread 0x000002e469d6af50 nmethod 1094 0x000002e4578d4c10 code [0x000002e4578d4dc0, 0x000002e4578d5168]
Event: 3.927 Thread 0x000002e469d6af50 1095       3       java.util.zip.ZipFile$ZipFileInflaterInputStream::fill (80 bytes)
Event: 3.928 Thread 0x000002e469d6af50 nmethod 1095 0x000002e4578d5310 code [0x000002e4578d54e0, 0x000002e4578d5868]
Event: 3.928 Thread 0x000002e469d6af50 1096   !   3       java.util.zip.ZipFile$ZipFileInputStream::read (135 bytes)
Event: 3.928 Thread 0x000002e469d6af50 nmethod 1096 0x000002e4578d5a10 code [0x000002e4578d5c20, 0x000002e4578d62f8]
Event: 3.929 Thread 0x000002e469d6af50 1097   !   3       java.util.zip.ZipFile$Source::readAt (39 bytes)
Event: 3.929 Thread 0x000002e469d6af50 nmethod 1097 0x000002e4578d6690 code [0x000002e4578d6880, 0x000002e4578d6d08]
Event: 3.931 Thread 0x000002e469d6af50 1098       3       jdk.internal.jimage.BasicImageReader::verifyLocation (39 bytes)
Event: 3.931 Thread 0x000002e469d6af50 nmethod 1098 0x000002e4578d7090 code [0x000002e4578d7260, 0x000002e4578d7528]
Event: 3.931 Thread 0x000002e469d6af50 1099       3       java.io.WinNTFileSystem::normalizePrefix (132 bytes)
Event: 3.935 Thread 0x000002e469d6af50 nmethod 1099 0x000002e4578d7690 code [0x000002e4578d7ac0, 0x000002e4578d9b48]
Event: 3.935 Thread 0x000002e469d6af50 1100   !   3       java.io.BufferedReader::readLine (327 bytes)
Event: 3.936 Thread 0x000002e46830e530 1102       4       java.nio.DirectLongBufferU::ix (10 bytes)
Event: 3.936 Thread 0x000002e46830e530 nmethod 1102 0x000002e45ec86710 code [0x000002e45ec86880, 0x000002e45ec868f8]
Event: 3.938 Thread 0x000002e469d6af50 nmethod 1100 0x000002e4578da790 code [0x000002e4578daaa0, 0x000002e4578dbdb8]
Event: 3.938 Thread 0x000002e469d6af50 1101       3       java.lang.Module::isNamed (13 bytes)
Event: 3.938 Thread 0x000002e469d6af50 nmethod 1101 0x000002e4578dc890 code [0x000002e4578dca20, 0x000002e4578dcb98]

GC Heap History (2 events):
Event: 3.711 GC heap before
{Heap before GC invocations=1 (full 0):
 PSYoungGen      total 29696K, used 25600K [0x00000000eab00000, 0x00000000ecc00000, 0x0000000100000000)
  eden space 25600K, 100% used [0x00000000eab00000,0x00000000ec400000,0x00000000ec400000)
  from space 4096K, 0% used [0x00000000ec800000,0x00000000ec800000,0x00000000ecc00000)
  to   space 4096K, 0% used [0x00000000ec400000,0x00000000ec400000,0x00000000ec800000)
 ParOldGen       total 68608K, used 0K [0x00000000c0000000, 0x00000000c4300000, 0x00000000eab00000)
  object space 68608K, 0% used [0x00000000c0000000,0x00000000c0000000,0x00000000c4300000)
 Metaspace       used 10975K, committed 11136K, reserved 1064960K
  class space    used 1088K, committed 1152K, reserved 1048576K
}
Event: 3.754 GC heap after
{Heap after GC invocations=1 (full 0):
 PSYoungGen      total 29696K, used 3704K [0x00000000eab00000, 0x00000000ecc00000, 0x0000000100000000)
  eden space 25600K, 0% used [0x00000000eab00000,0x00000000eab00000,0x00000000ec400000)
  from space 4096K, 90% used [0x00000000ec400000,0x00000000ec79e218,0x00000000ec800000)
  to   space 4096K, 0% used [0x00000000ec800000,0x00000000ec800000,0x00000000ecc00000)
 ParOldGen       total 68608K, used 0K [0x00000000c0000000, 0x00000000c4300000, 0x00000000eab00000)
  object space 68608K, 0% used [0x00000000c0000000,0x00000000c0000000,0x00000000c4300000)
 Metaspace       used 10975K, committed 11136K, reserved 1064960K
  class space    used 1088K, committed 1152K, reserved 1048576K
}

Dll operation events (8 events):
Event: 0.028 Loaded shared library c:\Users\Dell\.vscode\extensions\redhat.java-1.14.0-win32-x64\jre\17.0.5-win32-x86_64\bin\java.dll
Event: 0.635 Loaded shared library c:\Users\Dell\.vscode\extensions\redhat.java-1.14.0-win32-x64\jre\17.0.5-win32-x86_64\bin\zip.dll
Event: 0.644 Loaded shared library C:\Users\Dell\.vscode\extensions\redhat.java-1.14.0-win32-x64\jre\17.0.5-win32-x86_64\bin\instrument.dll
Event: 0.741 Loaded shared library C:\Users\Dell\.vscode\extensions\redhat.java-1.14.0-win32-x64\jre\17.0.5-win32-x86_64\bin\net.dll
Event: 0.746 Loaded shared library C:\Users\Dell\.vscode\extensions\redhat.java-1.14.0-win32-x64\jre\17.0.5-win32-x86_64\bin\nio.dll
Event: 0.777 Loaded shared library C:\Users\Dell\.vscode\extensions\redhat.java-1.14.0-win32-x64\jre\17.0.5-win32-x86_64\bin\zip.dll
Event: 0.812 Loaded shared library C:\Users\Dell\.vscode\extensions\redhat.java-1.14.0-win32-x64\jre\17.0.5-win32-x86_64\bin\jimage.dll
Event: 1.058 Loaded shared library c:\Users\Dell\.vscode\extensions\redhat.java-1.14.0-win32-x64\jre\17.0.5-win32-x86_64\bin\verify.dll

Deoptimization events (20 events):
Event: 3.362 Thread 0x000002e4544b8590 DEOPT PACKING pc=0x000002e45ec486a8 sp=0x000000f53d1fe200
Event: 3.362 Thread 0x000002e4544b8590 DEOPT UNPACKING pc=0x000002e4571a20a3 sp=0x000000f53d1fe1b0 mode 2
Event: 3.528 Thread 0x000002e4544b8590 Uncommon trap: trap_request=0xffffff45 fr.pc=0x000002e45ec473e8 relative=0x00000000000009c8
Event: 3.528 Thread 0x000002e4544b8590 Uncommon trap: reason=unstable_if action=reinterpret pc=0x000002e45ec473e8 method=java.util.HashMap.hash(Ljava/lang/Object;)I @ 1 c2
Event: 3.528 Thread 0x000002e4544b8590 DEOPT PACKING pc=0x000002e45ec473e8 sp=0x000000f53d1fe060
Event: 3.528 Thread 0x000002e4544b8590 DEOPT UNPACKING pc=0x000002e4571a20a3 sp=0x000000f53d1fdfd0 mode 2
Event: 3.528 Thread 0x000002e4544b8590 Uncommon trap: trap_request=0xffffff45 fr.pc=0x000002e45ec532f0 relative=0x0000000000000490
Event: 3.528 Thread 0x000002e4544b8590 Uncommon trap: reason=unstable_if action=reinterpret pc=0x000002e45ec532f0 method=java.util.HashMap.hash(Ljava/lang/Object;)I @ 1 c2
Event: 3.528 Thread 0x000002e4544b8590 DEOPT PACKING pc=0x000002e45ec532f0 sp=0x000000f53d1fdf80
Event: 3.528 Thread 0x000002e4544b8590 DEOPT UNPACKING pc=0x000002e4571a20a3 sp=0x000000f53d1fde28 mode 2
Event: 3.528 Thread 0x000002e4544b8590 Uncommon trap: trap_request=0xffffff45 fr.pc=0x000002e45ec50668 relative=0x0000000000000488
Event: 3.528 Thread 0x000002e4544b8590 Uncommon trap: reason=unstable_if action=reinterpret pc=0x000002e45ec50668 method=java.util.HashMap.hash(Ljava/lang/Object;)I @ 1 c2
Event: 3.528 Thread 0x000002e4544b8590 DEOPT PACKING pc=0x000002e45ec50668 sp=0x000000f53d1fe020
Event: 3.528 Thread 0x000002e4544b8590 DEOPT UNPACKING pc=0x000002e4571a20a3 sp=0x000000f53d1fdf38 mode 2
Event: 3.529 Thread 0x000002e4544b8590 Uncommon trap: trap_request=0xffffff45 fr.pc=0x000002e45ec60d14 relative=0x0000000000000094
Event: 3.529 Thread 0x000002e4544b8590 Uncommon trap: reason=unstable_if action=reinterpret pc=0x000002e45ec60d14 method=java.util.HashMap.hash(Ljava/lang/Object;)I @ 1 c2
Event: 3.529 Thread 0x000002e4544b8590 DEOPT PACKING pc=0x000002e45ec60d14 sp=0x000000f53d1fde90
Event: 3.529 Thread 0x000002e4544b8590 DEOPT UNPACKING pc=0x000002e4571a20a3 sp=0x000000f53d1fde28 mode 2
Event: 3.836 Thread 0x000002e4544b8590 DEOPT PACKING pc=0x000002e45773aa52 sp=0x000000f53d1fcfc0
Event: 3.836 Thread 0x000002e4544b8590 DEOPT UNPACKING pc=0x000002e4571a2843 sp=0x000000f53d1fc420 mode 0

Classes unloaded (0 events):
No events

Classes redefined (0 events):
No events

Internal exceptions (20 events):
Event: 2.112 Thread 0x000002e4544b8590 Exception <a 'java/io/FileNotFoundException'{0x00000000eb8ec670}> (0x00000000eb8ec670) 
thrown [s\src\hotspot\share\prims\jni.cpp, line 516]
Event: 2.113 Thread 0x000002e4544b8590 Exception <a 'java/io/FileNotFoundException'{0x00000000eb8ed790}> (0x00000000eb8ed790) 
thrown [s\src\hotspot\share\prims\jni.cpp, line 516]
Event: 2.113 Thread 0x000002e4544b8590 Exception <a 'java/io/FileNotFoundException'{0x00000000eb8ee8a8}> (0x00000000eb8ee8a8) 
thrown [s\src\hotspot\share\prims\jni.cpp, line 516]
Event: 2.114 Thread 0x000002e4544b8590 Exception <a 'java/io/FileNotFoundException'{0x00000000eb8ef990}> (0x00000000eb8ef990) 
thrown [s\src\hotspot\share\prims\jni.cpp, line 516]
Event: 2.127 Thread 0x000002e4544b8590 Exception <a 'java/io/FileNotFoundException'{0x00000000eb92e518}> (0x00000000eb92e518) 
thrown [s\src\hotspot\share\prims\jni.cpp, line 516]
Event: 3.278 Thread 0x000002e4544b8590 Exception <a 'java/lang/ClassNotFoundException'{0x00000000ec124920}: sun/net/www/protocol/c/Handler> (0x00000000ec124920) 
thrown [s\src\hotspot\share\classfile\systemDictionary.cpp, line 256]
Event: 3.279 Thread 0x000002e4544b8590 Exception <a 'java/lang/ClassNotFoundException'{0x00000000ec125c48}: sun/net/www/protocol/c/Handler> (0x00000000ec125c48) 
thrown [s\src\hotspot\share\classfile\systemDictionary.cpp, line 256]
Event: 3.279 Thread 0x000002e4544b8590 Exception <a 'java/lang/ClassNotFoundException'{0x00000000ec126d98}: sun/net/www/protocol/c/Handler> (0x00000000ec126d98) 
thrown [s\src\hotspot\share\classfile\systemDictionary.cpp, line 256]
Event: 3.362 Thread 0x000002e4544b8590 Exception <a 'java/io/FileNotFoundException'{0x00000000ec145cc0}> (0x00000000ec145cc0) 
thrown [s\src\hotspot\share\prims\jni.cpp, line 516]
Event: 3.528 Thread 0x000002e4544b8590 Implicit null exception at 0x000002e45ec46a5b to 0x000002e45ec473d0
Event: 3.528 Thread 0x000002e4544b8590 Implicit null exception at 0x000002e45ec52eac to 0x000002e45ec532d0
Event: 3.528 Thread 0x000002e4544b8590 Implicit null exception at 0x000002e45ec5022c to 0x000002e45ec50648
Event: 3.529 Thread 0x000002e4544b8590 Implicit null exception at 0x000002e45ec60c8f to 0x000002e45ec60d05
Event: 3.758 Thread 0x000002e4544b8590 Exception <a 'java/lang/NoSuchMethodError'{0x00000000eab10c68}: 'int java.lang.invoke.DirectMethodHandle$Holder.invokeStaticInit(java.lang.Object, java.lang.Object, java.lang.Object, java.lang.Object)'> (0x00000000eab10c68) 
thrown [s\src\hotspot\share\interpreter\linkResolver.cpp, line 759]
Event: 3.761 Thread 0x000002e4544b8590 Exception <a 'java/lang/NoSuchMethodError'{0x00000000eab1b3e0}: 'java.lang.Object java.lang.invoke.DirectMethodHandle$Holder.invokeInterface(java.lang.Object, java.lang.Object)'> (0x00000000eab1b3e0) 
thrown [s\src\hotspot\share\interpreter\linkResolver.cpp, line 759]
Event: 3.761 Thread 0x000002e4544b8590 Exception <a 'java/lang/IncompatibleClassChangeError'{0x00000000eab1ebd8}: Found class java.lang.Object, but interface was expected> (0x00000000eab1ebd8) 
thrown [s\src\hotspot\share\interpreter\linkResolver.cpp, line 826]
Event: 3.763 Thread 0x000002e4544b8590 Exception <a 'java/lang/NoSuchMethodError'{0x00000000eab230d0}: 'void java.lang.invoke.DirectMethodHandle$Holder.invokeStatic(java.lang.Object, java.lang.Object)'> (0x00000000eab230d0) 
thrown [s\src\hotspot\share\interpreter\linkResolver.cpp, line 759]
Event: 3.763 Thread 0x000002e4544b8590 Exception <a 'java/lang/NoSuchMethodError'{0x00000000eab268d0}: 'void java.lang.invoke.DirectMethodHandle$Holder.invokeStaticInit(java.lang.Object, java.lang.Object)'> (0x00000000eab268d0) 
thrown [s\src\hotspot\share\interpreter\linkResolver.cpp, line 759]
Event: 3.765 Thread 0x000002e4544b8590 Exception <a 'java/lang/NoSuchMethodError'{0x00000000eab2de68}: 'int java.lang.invoke.DirectMethodHandle$Holder.invokeStaticInit(java.lang.Object, java.lang.Object)'> (0x00000000eab2de68) 
thrown [s\src\hotspot\share\interpreter\linkResolver.cpp, line 759]
Event: 3.919 Thread 0x000002e4544b8590 Exception <a 'java/lang/NoSuchMethodError'{0x00000000eac92e58}: 'void java.lang.invoke.DirectMethodHandle$Holder.invokeSpecial(java.lang.Object, java.lang.Object, java.lang.Object)'> (0x00000000eac92e58) 
thrown [s\src\hotspot\share\interpreter\linkResolver.cpp, line 759]

VM Operations (16 events):
Event: 0.531 Executing VM operation: HandshakeAllThreads
Event: 0.531 Executing VM operation: HandshakeAllThreads done
Event: 0.891 Executing VM operation: HandshakeAllThreads
Event: 0.891 Executing VM operation: HandshakeAllThreads done
Event: 1.906 Executing VM operation: Cleanup
Event: 1.906 Executing VM operation: Cleanup done
Event: 2.002 Executing VM operation: HandshakeAllThreads
Event: 2.002 Executing VM operation: HandshakeAllThreads done
Event: 2.024 Executing VM operation: HandshakeAllThreads
Event: 2.024 Executing VM operation: HandshakeAllThreads done
Event: 3.027 Executing VM operation: Cleanup
Event: 3.027 Executing VM operation: Cleanup done
Event: 3.240 Executing VM operation: HandshakeAllThreads
Event: 3.240 Executing VM operation: HandshakeAllThreads done
Event: 3.711 Executing VM operation: ParallelGCFailedAllocation
Event: 3.754 Executing VM operation: ParallelGCFailedAllocation done

Events (20 events):
Event: 3.819 loading class java/io/DeleteOnExitHook
Event: 3.819 loading class java/io/DeleteOnExitHook done
Event: 3.819 loading class java/io/DeleteOnExitHook$1
Event: 3.819 loading class java/io/DeleteOnExitHook$1 done
Event: 3.819 loading class java/lang/Shutdown
Event: 3.819 loading class java/lang/Shutdown done
Event: 3.819 loading class java/lang/Shutdown$Lock
Event: 3.819 loading class java/lang/Shutdown$Lock done
Event: 3.820 loading class java/util/ComparableTimSort
Event: 3.821 loading class java/util/ComparableTimSort done
Event: 3.919 loading class java/lang/invoke/DirectMethodHandle$Special
Event: 3.919 loading class java/lang/invoke/DirectMethodHandle$Special done
Event: 3.929 loading class java/security/AllPermissionCollection
Event: 3.929 loading class java/security/AllPermissionCollection done
Event: 3.936 loading class java/util/concurrent/Executor
Event: 3.936 loading class java/util/concurrent/Executor done
Event: 3.936 loading class java/util/concurrent/BlockingQueue
Event: 3.937 loading class java/util/concurrent/BlockingQueue done
Event: 3.937 loading class java/util/concurrent/Callable
Event: 3.938 loading class java/util/concurrent/Callable done


Dynamic libraries:
0x00007ff626710000 - 0x00007ff62671e000 	c:\Users\Dell\.vscode\extensions\redhat.java-1.14.0-win32-x64\jre\17.0.5-win32-x86_64\bin\java.exe
0x00007fff12770000 - 0x00007fff12968000 	C:\Windows\SYSTEM32\ntdll.dll
0x00007fff11b90000 - 0x00007fff11c4d000 	C:\Windows\System32\KERNEL32.DLL
0x00007fff103c0000 - 0x00007fff10692000 	C:\Windows\System32\KERNELBASE.dll
0x00007fff106d0000 - 0x00007fff107d0000 	C:\Windows\System32\ucrtbase.dll
0x00007fff06530000 - 0x00007fff06547000 	c:\Users\Dell\.vscode\extensions\redhat.java-1.14.0-win32-x64\jre\17.0.5-win32-x86_64\bin\jli.dll
0x00007fff116f0000 - 0x00007fff1188d000 	C:\Windows\System32\USER32.dll
0x00007fff10300000 - 0x00007fff10322000 	C:\Windows\System32\win32u.dll
0x00007fff10880000 - 0x00007fff108ab000 	C:\Windows\System32\GDI32.dll
0x00007fff10080000 - 0x00007fff1018f000 	C:\Windows\System32\gdi32full.dll
0x00007fff0ffe0000 - 0x00007fff1007d000 	C:\Windows\System32\msvcp_win.dll
0x00007fff062c0000 - 0x00007fff062d9000 	c:\Users\Dell\.vscode\extensions\redhat.java-1.14.0-win32-x64\jre\17.0.5-win32-x86_64\bin\VCRUNTIME140.dll
0x00007ffefd590000 - 0x00007ffefd82a000 	C:\Windows\WinSxS\amd64_microsoft.windows.common-controls_6595b64144ccf1df_6.0.19041.1110_none_60b5254171f9507e\COMCTL32.dll
0x00007fff115c0000 - 0x00007fff1165e000 	C:\Windows\System32\msvcrt.dll
0x00007fff123a0000 - 0x00007fff123d0000 	C:\Windows\System32\IMM32.DLL
0x00007fff0a1e0000 - 0x00007fff0a1ec000 	c:\Users\Dell\.vscode\extensions\redhat.java-1.14.0-win32-x64\jre\17.0.5-win32-x86_64\bin\vcruntime140_1.dll
0x00007ffea3880000 - 0x00007ffea3911000 	c:\Users\Dell\.vscode\extensions\redhat.java-1.14.0-win32-x64\jre\17.0.5-win32-x86_64\bin\msvcp140.dll
0x00007ffea1470000 - 0x00007ffea20b4000 	c:\Users\Dell\.vscode\extensions\redhat.java-1.14.0-win32-x64\jre\17.0.5-win32-x86_64\bin\server\jvm.dll
0x00007fff10dc0000 - 0x00007fff10e6e000 	C:\Windows\System32\ADVAPI32.dll
0x00007fff11520000 - 0x00007fff115bc000 	C:\Windows\System32\sechost.dll
0x00007fff11920000 - 0x00007fff11a45000 	C:\Windows\System32\RPCRT4.dll
0x00007fff09cb0000 - 0x00007fff09cb9000 	C:\Windows\SYSTEM32\WSOCK32.dll
0x00007fff12500000 - 0x00007fff1256b000 	C:\Windows\System32\WS2_32.dll
0x00007fff07980000 - 0x00007fff079a7000 	C:\Windows\SYSTEM32\WINMM.dll
0x00007fff06110000 - 0x00007fff0611a000 	C:\Windows\SYSTEM32\VERSION.dll
0x00007fff0e6d0000 - 0x00007fff0e6e2000 	C:\Windows\SYSTEM32\kernel.appcore.dll
0x00007fff098c0000 - 0x00007fff098ca000 	c:\Users\Dell\.vscode\extensions\redhat.java-1.14.0-win32-x64\jre\17.0.5-win32-x86_64\bin\jimage.dll
0x00007fff0d530000 - 0x00007fff0d714000 	C:\Windows\SYSTEM32\DBGHELP.DLL
0x00007ffef50c0000 - 0x00007ffef50ec000 	C:\Windows\SYSTEM32\dbgcore.DLL
0x00007fff10330000 - 0x00007fff103b2000 	C:\Windows\System32\bcryptPrimitives.dll
0x00007fff08020000 - 0x00007fff0802e000 	c:\Users\Dell\.vscode\extensions\redhat.java-1.14.0-win32-x64\jre\17.0.5-win32-x86_64\bin\instrument.dll
0x00007ffee42c0000 - 0x00007ffee42e5000 	c:\Users\Dell\.vscode\extensions\redhat.java-1.14.0-win32-x64\jre\17.0.5-win32-x86_64\bin\java.dll
0x00007ffefc730000 - 0x00007ffefc748000 	c:\Users\Dell\.vscode\extensions\redhat.java-1.14.0-win32-x64\jre\17.0.5-win32-x86_64\bin\zip.dll
0x00007fff11c50000 - 0x00007fff12393000 	C:\Windows\System32\SHELL32.dll
0x00007fff0df20000 - 0x00007fff0e6b1000 	C:\Windows\SYSTEM32\windows.storage.dll
0x00007fff10a60000 - 0x00007fff10db4000 	C:\Windows\System32\combase.dll
0x00007fff0f8e0000 - 0x00007fff0f910000 	C:\Windows\SYSTEM32\Wldp.dll
0x00007fff11a60000 - 0x00007fff11b0d000 	C:\Windows\System32\SHCORE.dll
0x00007fff11690000 - 0x00007fff116e5000 	C:\Windows\System32\shlwapi.dll
0x00007fff0fdc0000 - 0x00007fff0fddf000 	C:\Windows\SYSTEM32\profapi.dll
0x00007ffee96c0000 - 0x00007ffee96d9000 	C:\Users\Dell\.vscode\extensions\redhat.java-1.14.0-win32-x64\jre\17.0.5-win32-x86_64\bin\net.dll
0x00007fff06180000 - 0x00007fff0628d000 	C:\Windows\SYSTEM32\WINHTTP.dll
0x00007fff0f640000 - 0x00007fff0f6aa000 	C:\Windows\system32\mswsock.dll
0x00007ffee95f0000 - 0x00007ffee9605000 	C:\Users\Dell\.vscode\extensions\redhat.java-1.14.0-win32-x64\jre\17.0.5-win32-x86_64\bin\nio.dll
0x00007fff07030000 - 0x00007fff07040000 	c:\Users\Dell\.vscode\extensions\redhat.java-1.14.0-win32-x64\jre\17.0.5-win32-x86_64\bin\verify.dll

dbghelp: loaded successfully - version: 4.0.5 - missing functions: none
symbol engine: initialized successfully - sym options: 0x614 - pdb path: .;c:\Users\Dell\.vscode\extensions\redhat.java-1.14.0-win32-x64\jre\17.0.5-win32-x86_64\bin;C:\Windows\SYSTEM32;C:\Windows\WinSxS\amd64_microsoft.windows.common-controls_6595b64144ccf1df_6.0.19041.1110_none_60b5254171f9507e;c:\Users\Dell\.vscode\extensions\redhat.java-1.14.0-win32-x64\jre\17.0.5-win32-x86_64\bin\server

VM Arguments:
jvm_args: --add-modules=ALL-SYSTEM --add-opens=java.base/java.util=ALL-UNNAMED --add-opens=java.base/java.lang=ALL-UNNAMED --add-opens=java.base/sun.nio.fs=ALL-UNNAMED -Declipse.application=org.eclipse.jdt.ls.core.id1 -Dosgi.bundles.defaultStartLevel=4 -Declipse.product=org.eclipse.jdt.ls.core.product -Djava.import.generatesMetadataFilesAtProjectRoot=false -Dfile.encoding=utf8 -XX:+UseParallelGC -XX:GCTimeRatio=4 -XX:AdaptiveSizePolicyWeight=90 -Dsun.zip.disableMemoryMapping=true -Xmx1G -Xms100m -Xlog:disable -javaagent:c:\Users\Dell\.vscode\extensions\redhat.java-1.14.0-win32-x64\lombok\lombok-1.18.24.jar 
java_command: c:\Users\Dell\.vscode\extensions\redhat.java-1.14.0-win32-x64\server\plugins\org.eclipse.equinox.launcher_1.6.400.v20210924-0641.jar -configuration c:\Users\Dell\AppData\Roaming\Code\User\globalStorage\redhat.java\1.14.0\config_ss_win -data c:\Users\Dell\AppData\Roaming\Code\User\workspaceStorage\14a3d1596086b064534673faa3ab4da3\redhat.java\ss_ws
java_class_path (initial): c:\Users\Dell\.vscode\extensions\redhat.java-1.14.0-win32-x64\server\plugins\org.eclipse.equinox.launcher_1.6.400.v20210924-0641.jar
Launcher Type: SUN_STANDARD

[Global flags]
    uintx AdaptiveSizePolicyWeight                 = 90                                        {product} {command line}
     intx CICompilerCount                          = 3                                         {product} {ergonomic}
    uintx GCTimeRatio                              = 4                                         {product} {command line}
   size_t InitialHeapSize                          = 104857600                                 {product} {command line}
   size_t MaxHeapSize                              = 1073741824                                {product} {command line}
   size_t MaxNewSize                               = 357564416                                 {product} {ergonomic}
   size_t MinHeapDeltaBytes                        = 524288                                    {product} {ergonomic}
   size_t MinHeapSize                              = 104857600                                 {product} {command line}
   size_t NewSize                                  = 34603008                                  {product} {ergonomic}
    uintx NonNMethodCodeHeapSize                   = 5832780                                {pd product} {ergonomic}
    uintx NonProfiledCodeHeapSize                  = 122912730                              {pd product} {ergonomic}
   size_t OldSize                                  = 70254592                                  {product} {ergonomic}
    uintx ProfiledCodeHeapSize                     = 122912730                              {pd product} {ergonomic}
    uintx ReservedCodeCacheSize                    = 251658240                              {pd product} {ergonomic}
     bool SegmentedCodeCache                       = true                                      {product} {ergonomic}
   size_t SoftMaxHeapSize                          = 1073741824                             {manageable} {ergonomic}
     bool UseCompressedClassPointers               = true                           {product lp64_product} {ergonomic}
     bool UseCompressedOops                        = true                           {product lp64_product} {ergonomic}
     bool UseLargePagesIndividualAllocation        = false                                  {pd product} {ergonomic}
     bool UseParallelGC                            = true                                      {product} {command line}

Logging:
Log output configuration:
 #0: stdout all=off uptime,level,tags
 #1: stderr all=off uptime,level,tags

Environment Variables:
PATH=C:\Program Files (x86)\Java\jdk1.8.0_92\bin;C:\Program Files (x86)\nodejs;C:\Users\Dell\AppData\Local\Microsoft\WindowsApps;C:\Users\Dell\AppData\Local\Programs\Microsoft VS Code\bin;C:\Users\Dell\AppData\Roaming\npm;C:\src\flutter\bin;C:\Users\Dell\AppData\Roaming\Composer\vendor\bin;C:\Program Files (x86)\Java\jdk1.8.0_92\bin;C:\Program Files (x86)\nodejs;
USERNAME=Dell
OS=Windows_NT
PROCESSOR_IDENTIFIER=Intel64 Family 6 Model 61 Stepping 4, GenuineIntel
TMP=C:\Users\Dell\AppData\Local\Temp
TEMP=C:\Users\Dell\AppData\Local\Temp



---------------  S Y S T E M  ---------------

OS:
 Windows 10 , 64 bit Build 19041 (10.0.19041.1889)
OS uptime: 0 days 0:32 hours

CPU: total 4 (initial active 4) (2 cores per cpu, 2 threads per core) family 6 model 61 stepping 4 microcode 0x2f, cx8, cmov, fxsr, ht, mmx, 3dnowpref, sse, sse2, sse3, ssse3, sse4.1, sse4.2, popcnt, lzcnt, tsc, tscinvbit, avx, avx2, aes, erms, clmul, bmi1, bmi2, rtm, adx, fma, vzeroupper, clflush

Memory: 4k page, system-wide physical 16256M (4482M free)
TotalPageFile size 31530M (AvailPageFile size 62M)
current process WorkingSet (physical memory assigned to process): 76M, peak: 77M
current process commit charge ("private bytes"): 185M, peak: 186M

vm_info: OpenJDK 64-Bit Server VM (17.0.5+8) for windows-amd64 JRE (17.0.5+8), built on Oct 19 2022 04:48:13 by "temurin" with MS VC++ 16.7 (VS2019)

END.
